JvmtiExport can_access_local_variables 0
JvmtiExport can_hotswap_or_post_breakpoint 0
JvmtiExport can_post_on_exceptions 0
# 247 ciObject found
ciInstanceKlass java/lang/Cloneable 1 0 7 100 1 100 1 1 1
instanceKlass org/gradle/internal/serialize/Message
instanceKlass org/gradle/internal/jvm/inspection/JvmInstallationMetadata$FailureInstallationMetadata
instanceKlass org/gradle/process/internal/health/memory/JvmMemoryStatusSnapshot
instanceKlass org/gradle/workers/internal/WorkerDaemonExpiration$SimpleMemoryExpirationSelector
instanceKlass org/gradle/process/internal/health/memory/OsMemoryStatusAspect$Unavailable
instanceKlass org/gradle/launcher/daemon/server/DaemonRegistryUnavailableExpirationStrategy$1
instanceKlass org/gradle/launcher/daemon/registry/PersistentDaemonRegistry$1
instanceKlass org/gradle/launcher/daemon/server/health/gc/GarbageCollectionStats
instanceKlass java/util/concurrent/LinkedBlockingDeque$AbstractItr
instanceKlass org/apache/commons/io/file/Counters$LongCounter
instanceKlass org/apache/commons/io/file/Counters$AbstractPathCounters
instanceKlass org/apache/commons/io/file/Counters$Counter
instanceKlass org/apache/commons/io/file/Counters$PathCounters
instanceKlass org/apache/commons/io/file/Counters
instanceKlass org/apache/commons/io/file/DeleteOption
instanceKlass org/apache/commons/io/file/PathUtils
instanceKlass org/apache/commons/io/function/IOBaseStreamAdapter
instanceKlass org/apache/commons/io/function/IOBiFunction
instanceKlass org/apache/commons/io/function/IOSpliterator
instanceKlass org/apache/commons/io/function/IOIterator
instanceKlass org/apache/commons/io/function/IOStream
instanceKlass org/apache/commons/io/function/IOBaseStream
instanceKlass org/apache/commons/io/function/IOStreams
instanceKlass org/apache/commons/io/function/IOConsumer
instanceKlass org/gradle/process/internal/DefaultExecHandle$ExecResultImpl
instanceKlass org/gradle/internal/operations/CurrentBuildOperationRef$Callable
instanceKlass org/gradle/process/internal/streams/ExecOutputHandleRunner
instanceKlass java/lang/ProcessImpl$2
instanceKlass java/lang/ProcessHandleImpl
instanceKlass net/rubygrapefruit/platform/internal/jni/WindowsHandleFunctions
instanceKlass org/gradle/process/internal/ProcessBuilderFactory
instanceKlass org/gradle/process/internal/DefaultExecHandle$CompositeStreamsHandler
instanceKlass org/gradle/process/internal/ExecHandleRunner
instanceKlass org/gradle/process/internal/ExecHandleShutdownHookAction
instanceKlass net/rubygrapefruit/platform/internal/DefaultProcessLauncher
instanceKlass net/rubygrapefruit/platform/internal/WindowsProcessLauncher
instanceKlass net/rubygrapefruit/platform/internal/WrapperProcessLauncher
instanceKlass org/gradle/process/internal/DefaultExecHandle
instanceKlass org/gradle/process/internal/ProcessSettings
instanceKlass org/gradle/process/internal/streams/OutputStreamsForwarder
instanceKlass org/gradle/process/internal/streams/SafeStreams
instanceKlass org/gradle/process/internal/streams/EmptyStdInStreamsHandler
instanceKlass org/gradle/process/internal/ExecHandle
instanceKlass org/gradle/process/internal/StreamsHandler
instanceKlass org/gradle/process/internal/DefaultClientExecHandleBuilder
instanceKlass org/gradle/internal/ErroringAction
instanceKlass org/gradle/internal/jvm/inspection/MetadataProbe
instanceKlass org/gradle/api/internal/provider/sources/EnvironmentVariableValueSource$Parameters$Inject
instanceKlass net/rubygrapefruit/platform/internal/jni/WindowsRegistryFunctions
instanceKlass org/gradle/jvm/toolchain/internal/FileBasedInstallationFactory
instanceKlass org/gradle/api/internal/provider/sources/EnvironmentVariableValueSource$Parameters_Decorated
instanceKlass org/gradle/api/internal/provider/sources/EnvironmentVariableValueSource$Parameters
instanceKlass org/gradle/api/internal/provider/sources/EnvironmentVariableValueSource
instanceKlass java/util/concurrent/ForkJoinPool$DefaultCommonPoolForkJoinWorkerThreadFactory$1
instanceKlass java/util/concurrent/ForkJoinTask$Aux
instanceKlass org/gradle/internal/jvm/inspection/DefaultJavaInstallationRegistry$ToolchainDetectionBuildOperation
instanceKlass org/gradle/jvm/toolchain/internal/install/JvmInstallationMetadataMatcher
instanceKlass org/gradle/jvm/toolchain/internal/JavaToolchainQueryService$ToolchainLookupKey
instanceKlass org/gradle/jvm/toolchain/internal/DefaultToolchainSpec$Key
instanceKlass org/gradle/api/internal/tasks/compile/JavaCompileExecutableUtils
instanceKlass com/intellij/gradle/toolingExtension/impl/model/sourceSetModel/GradleSourceSetModelBuilder$4
instanceKlass org/jetbrains/plugins/gradle/model/DefaultExternalSourceSet
instanceKlass org/gradle/api/file/RelativePath
instanceKlass groovy/lang/DelegatingMetaClass
instanceKlass org/gradle/api/file/ExpandDetails
instanceKlass com/intellij/gradle/toolingExtension/impl/model/resourceFilterModel/GradleResourceFilterModelBuilder
instanceKlass org/gradle/api/internal/plugins/DefaultPluginContainer$1
instanceKlass com/intellij/gradle/toolingExtension/impl/model/sourceSetModel/GradleSourceSetResolutionContext
instanceKlass com/intellij/gradle/toolingExtension/util/GradleReflectionUtil
instanceKlass org/gradle/api/internal/file/collections/DefaultConfigurableFileCollection$PathSet$1
instanceKlass com/intellij/gradle/toolingExtension/impl/model/sourceSetModel/GradleSourceSetModelBuilder$2
instanceKlass org/gradle/api/internal/tasks/TaskDependencyInternal$1
instanceKlass org/gradle/api/internal/artifacts/dsl/FileSystemPublishArtifact
instanceKlass org/gradle/api/internal/provider/ValueSupplier$SideEffectBuilder
instanceKlass com/intellij/gradle/toolingExtension/impl/model/sourceSetModel/GradleSourceSetModelBuilder$3
instanceKlass com/intellij/gradle/toolingExtension/impl/util/GradleTaskUtil
instanceKlass com/intellij/gradle/toolingExtension/impl/model/sourceSetModel/GradleSourceSetModelBuilder$1
instanceKlass com/intellij/gradle/toolingExtension/impl/util/javaPluginUtil/ExtensionJavaPluginAccessor
instanceKlass com/intellij/gradle/toolingExtension/impl/util/javaPluginUtil/JavaPluginAccessor
instanceKlass com/intellij/gradle/toolingExtension/impl/util/javaPluginUtil/JavaPluginUtil
instanceKlass com/amazon/ion/impl/_Private_RecyclingQueue$Recycler
instanceKlass com/amazon/ion/impl/_Private_RecyclingStack$$Iterator
instanceKlass org/jetbrains/plugins/gradle/model/ExternalTask
instanceKlass org/jetbrains/plugins/gradle/model/ExternalSourceSet
instanceKlass com/intellij/util/ThrowableConsumer
instanceKlass org/jetbrains/plugins/gradle/tooling/serialization/ToolingStreamApiUtilsKt
instanceKlass com/amazon/ion/impl/bin/utf8/Utf8StringEncoder$Result
instanceKlass com/amazon/ion/impl/bin/IonRawBinaryWriter$ContainerInfo
instanceKlass com/amazon/ion/impl/_Private_RecyclingStack$Recycler
instanceKlass org/gradle/internal/impldep/gnu/trove/PrimeFinder
instanceKlass com/amazon/ion/impl/bin/IonManagedBinaryWriter$ImportDescriptor
instanceKlass com/amazon/ion/impl/bin/IntList
instanceKlass com/amazon/ion/impl/bin/IonRawBinaryWriter$1
instanceKlass com/amazon/ion/impl/_Private_RecyclingStack
instanceKlass com/amazon/ion/impl/_Private_RecyclingQueue$ElementIterator
instanceKlass com/amazon/ion/impl/bin/IonRawBinaryWriter$PatchPoint
instanceKlass com/amazon/ion/impl/_Private_RecyclingQueue$ElementFactory
instanceKlass com/amazon/ion/impl/_Private_RecyclingQueue
instanceKlass com/amazon/ion/impl/bin/WriteBuffer
instanceKlass com/amazon/ion/impl/bin/Block
instanceKlass com/amazon/ion/impl/bin/utf8/Poolable
instanceKlass com/amazon/ion/impl/bin/utf8/Utf8StringEncoderPool$1
instanceKlass com/amazon/ion/impl/bin/utf8/Pool$Allocator
instanceKlass com/amazon/ion/impl/bin/utf8/Pool
instanceKlass com/amazon/ion/impl/bin/IonRawBinaryWriter$ThrowingRunnable
instanceKlass com/amazon/ion/impl/_Private_SymtabExtendsCache
instanceKlass com/amazon/ion/impl/lite/ContainerlessContext
instanceKlass com/amazon/ion/impl/lite/IonLoaderLite
instanceKlass com/amazon/ion/impl/LocalSymbolTableAsStruct$Factory
instanceKlass com/amazon/ion/IonDatagram
instanceKlass com/amazon/ion/IonLoader
instanceKlass com/amazon/ion/IonStruct
instanceKlass com/amazon/ion/IonSexp
instanceKlass com/amazon/ion/impl/lite/IonContext
instanceKlass com/amazon/ion/impl/_Private_IonContainer
instanceKlass com/amazon/ion/IonBlob
instanceKlass com/amazon/ion/IonClob
instanceKlass com/amazon/ion/IonLob
instanceKlass com/amazon/ion/impl/_Private_IonSymbol
instanceKlass com/amazon/ion/IonTimestamp
instanceKlass com/amazon/ion/IonFloat
instanceKlass com/amazon/ion/IonInt
instanceKlass com/amazon/ion/IonBool
instanceKlass com/amazon/ion/impl/lite/IonValueLite
instanceKlass com/amazon/ion/impl/_Private_IonValue
instanceKlass com/amazon/ion/IonNull
instanceKlass com/amazon/ion/IonDecimal
instanceKlass com/amazon/ion/IonNumber
instanceKlass com/amazon/ion/IonSymbol
instanceKlass com/amazon/ion/IonList
instanceKlass com/amazon/ion/IonSequence
instanceKlass com/amazon/ion/IonContainer
instanceKlass com/amazon/ion/IonString
instanceKlass com/amazon/ion/IonText
instanceKlass com/amazon/ion/impl/lite/ValueFactoryLite
instanceKlass com/amazon/ion/impl/_Private_ValueFactory
instanceKlass com/amazon/ion/impl/_Private_IonSystem
instanceKlass com/amazon/ion/IonSystem
instanceKlass com/amazon/ion/impl/lite/_Private_LiteDomTrampoline
instanceKlass com/amazon/ion/IonValue
instanceKlass com/amazon/ion/impl/SharedSymbolTable
instanceKlass com/amazon/ion/impl/LocalSymbolTable$Factory
instanceKlass com/amazon/ion/impl/LocalSymbolTable
instanceKlass com/amazon/ion/impl/_Private_LocalSymbolTable
instanceKlass com/amazon/ion/BufferConfiguration$DataHandler
instanceKlass com/amazon/ion/IonBufferConfiguration$OversizedSymbolTableHandler
instanceKlass com/amazon/ion/BufferConfiguration$OversizedValueHandler
instanceKlass com/amazon/ion/BufferConfiguration$Builder
instanceKlass com/amazon/ion/BufferConfiguration
instanceKlass com/amazon/ion/util/InputStreamInterceptor
instanceKlass com/amazon/ion/system/IonReaderBuilder
instanceKlass com/amazon/ion/util/_Private_FastAppendable
instanceKlass com/amazon/ion/impl/_Private_IonWriterBase
instanceKlass com/amazon/ion/impl/_Private_ReaderWriter
instanceKlass com/amazon/ion/system/IonSystemBuilder
instanceKlass com/amazon/ion/system/SimpleCatalog
instanceKlass com/amazon/ion/IonMutableCatalog
instanceKlass com/amazon/ion/impl/_Private_RecyclingStack$ElementFactory
instanceKlass com/amazon/ion/impl/bin/IonManagedBinaryWriter$ImportedSymbolResolverMode$1$1$1
instanceKlass com/amazon/ion/impl/bin/IonManagedBinaryWriter$SymbolResolver
instanceKlass com/amazon/ion/impl/bin/IonManagedBinaryWriter$ImportedSymbolResolverMode$1$1
instanceKlass com/amazon/ion/impl/bin/AbstractSymbolTable
instanceKlass com/amazon/ion/impl/SymbolTokenImpl
instanceKlass com/amazon/ion/impl/_Private_SymbolToken
instanceKlass com/amazon/ion/impl/_Private_Utils$1
instanceKlass com/amazon/ion/impl/SymbolTableAsStruct
instanceKlass com/amazon/ion/impl/_Private_Utils
instanceKlass com/amazon/ion/SymbolToken
instanceKlass com/amazon/ion/impl/bin/Symbols
instanceKlass com/amazon/ion/impl/bin/IonManagedBinaryWriter$SymbolResolverBuilder
instanceKlass com/amazon/ion/impl/bin/IonManagedBinaryWriter$ImportedSymbolContext
instanceKlass com/amazon/ion/impl/bin/_Private_IonRawWriter
instanceKlass com/amazon/ion/impl/bin/AbstractIonWriter
instanceKlass com/amazon/ion/impl/_Private_IonWriter
instanceKlass com/amazon/ion/impl/_Private_ByteTransferSink
instanceKlass com/amazon/ion/impl/bin/_Private_IonManagedWriter
instanceKlass com/amazon/ion/impl/bin/BlockAllocator
instanceKlass com/amazon/ion/impl/bin/IonBinaryWriterAdapter$Factory
instanceKlass com/amazon/ion/IonCatalog
instanceKlass com/amazon/ion/impl/bin/_Private_IonManagedBinaryWriterBuilder
instanceKlass com/amazon/ion/impl/bin/BlockAllocatorProvider
instanceKlass com/amazon/ion/SymbolTable
instanceKlass com/amazon/ion/impl/_Private_LocalSymbolTableFactory
instanceKlass com/amazon/ion/ValueFactory
instanceKlass com/amazon/ion/IonBinaryWriter
instanceKlass com/amazon/ion/system/IonWriterBuilder
instanceKlass org/jetbrains/plugins/gradle/tooling/serialization/ToolingStreamApiUtils
instanceKlass com/intellij/gradle/toolingExtension/impl/modelAction/GradleDaemonModelHolder$ConvertedModel
instanceKlass com/intellij/openapi/util/io/FileUtilRt$RepeatableIOOperation
instanceKlass com/intellij/openapi/util/io/FileUtilRt
instanceKlass org/gradle/tooling/model/idea/IdeaModule
instanceKlass com/intellij/gradle/toolingExtension/impl/modelAction/GradleModelId
instanceKlass org/jetbrains/plugins/gradle/model/ExternalFilter
instanceKlass org/jetbrains/plugins/gradle/model/FilePatternSet
instanceKlass org/jetbrains/plugins/gradle/model/ExternalSourceDirectorySet
instanceKlass com/intellij/openapi/externalSystem/model/project/IExternalSystemSourceType
instanceKlass org/jetbrains/plugins/gradle/ExternalDependencyId
instanceKlass org/jetbrains/plugins/gradle/model/ExternalSourceSet
instanceKlass org/jetbrains/plugins/gradle/model/ExternalTask
instanceKlass kotlin/collections/EmptyMap
instanceKlass org/jetbrains/plugins/gradle/model/DefaultExternalProject
instanceKlass com/intellij/gradle/toolingExtension/impl/util/GradleIdeaPluginUtil
instanceKlass com/intellij/gradle/toolingExtension/impl/util/GradleObjectUtil
instanceKlass com/intellij/gradle/toolingExtension/impl/util/GradleProjectUtil
instanceKlass org/gradle/api/internal/tasks/DefaultTaskContainer$5
instanceKlass com/google/common/collect/CollectSpliterators$FlatMapSpliterator$Factory
instanceKlass com/google/common/collect/CollectSpliterators$FlatMapSpliterator
instanceKlass org/gradle/process/internal/ProcessArgumentsSpec
instanceKlass org/gradle/process/internal/ProcessStreamsSpec
instanceKlass org/gradle/process/internal/ProcessArgumentsSpec$HasExecutable
instanceKlass org/springframework/boot/buildpack/platform/docker/configuration/DockerRegistryAuthentication
instanceKlass org/springframework/boot/gradle/tasks/bundling/DockerSpec$DockerRegistrySpec
instanceKlass org/springframework/boot/buildpack/platform/build/Cache
instanceKlass org/springframework/boot/gradle/tasks/bundling/DockerSpec
instanceKlass org/springframework/boot/gradle/tasks/bundling/CacheSpec
instanceKlass org/springframework/boot/buildpack/platform/io/Owner
instanceKlass org/springframework/boot/buildpack/platform/build/BuildRequest
instanceKlass org/springframework/boot/buildpack/platform/io/TarArchive
instanceKlass org/gradle/api/internal/file/DefaultFilePropertyFactory$PathToFileTransformer
instanceKlass org/gradle/api/internal/tasks/testing/junitplatform/JUnitPlatformTestFramework
instanceKlass org/gradle/api/internal/AbstractTask$21
instanceKlass org/gradle/api/internal/tasks/testing/detection/JarFilePackageListener
instanceKlass org/gradle/api/internal/tasks/testing/detection/ClassFileExtractionManager
instanceKlass org/gradle/api/internal/tasks/testing/TestClassRunInfo
instanceKlass org/gradle/api/internal/tasks/testing/detection/AbstractTestFrameworkDetector
instanceKlass org/gradle/api/internal/tasks/testing/TestFrameworkDistributionModule
instanceKlass org/gradle/api/internal/tasks/testing/detection/TestFrameworkDetector
instanceKlass org/gradle/api/internal/tasks/testing/WorkerTestClassProcessorFactory
instanceKlass org/gradle/api/internal/tasks/testing/junit/JUnitTestFramework
instanceKlass org/gradle/jvm/toolchain/internal/DefaultToolchainJavaLauncher
instanceKlass org/gradle/process/internal/JvmDebugSpec$JavaDebugOptionsBackedSpec
instanceKlass org/gradle/process/internal/JvmDebugSpec$DefaultJvmDebugSpec
instanceKlass org/gradle/process/internal/DefaultJavaDebugOptions
instanceKlass org/gradle/process/internal/JvmOptions
instanceKlass org/gradle/process/internal/EffectiveJavaForkOptions
instanceKlass org/gradle/process/internal/JvmDebugSpec
instanceKlass org/gradle/process/internal/DefaultProcessForkOptions
instanceKlass org/gradle/api/tasks/testing/Test$1
instanceKlass org/gradle/api/internal/tasks/testing/filter/TestFilterSpec
instanceKlass org/gradle/api/internal/file/DefaultProjectLayout$2
instanceKlass org/gradle/api/reporting/internal/SimpleReport
instanceKlass org/gradle/api/tasks/testing/JUnitXmlReport
instanceKlass org/gradle/api/internal/tasks/testing/logging/DefaultTestLogging
instanceKlass org/gradle/api/internal/tasks/testing/logging/DefaultTestLoggingContainer
instanceKlass org/gradle/jvm/toolchain/JavaLauncher
instanceKlass org/gradle/api/tasks/testing/AbstractTestTask$BroadcastSubscriptions
instanceKlass org/gradle/api/internal/tasks/testing/filter/DefaultTestFilter
instanceKlass org/gradle/api/internal/tasks/testing/report/TestReporter
instanceKlass org/gradle/api/internal/tasks/testing/junit/result/TestOutputStore
instanceKlass org/gradle/api/tasks/testing/logging/TestLoggingContainer
instanceKlass org/gradle/api/tasks/testing/TestTaskReports
instanceKlass org/gradle/api/tasks/testing/logging/TestLogging
instanceKlass org/gradle/api/internal/tasks/testing/logging/TestCountLogger
instanceKlass org/gradle/api/internal/tasks/testing/JvmTestExecutionSpec
instanceKlass org/gradle/process/JavaDebugOptions
instanceKlass org/gradle/api/tasks/testing/TestFrameworkOptions
instanceKlass org/gradle/api/internal/tasks/testing/TestExecuter
instanceKlass org/gradle/api/internal/tasks/testing/TestExecutionSpec
instanceKlass org/gradle/external/javadoc/internal/AbstractJavadocOptionFileOption
instanceKlass org/gradle/external/javadoc/internal/OptionLessStringsJavadocOptionFileOption
instanceKlass org/gradle/external/javadoc/internal/JavadocOptionFile
instanceKlass org/gradle/external/javadoc/internal/JavadocOptionFileOptionInternal
instanceKlass org/gradle/external/javadoc/internal/OptionLessJavadocOptionFileOptionInternal
instanceKlass org/gradle/external/javadoc/JavadocOptionFileOption
instanceKlass org/gradle/external/javadoc/OptionLessJavadocOptionFileOption
instanceKlass org/gradle/api/tasks/javadoc/internal/JavadocSpec
instanceKlass org/gradle/external/javadoc/CoreJavadocOptions
instanceKlass org/gradle/api/tasks/javadoc/internal/JavadocToolAdapter
instanceKlass org/gradle/external/javadoc/MinimalJavadocOptions
instanceKlass org/gradle/api/internal/AbstractTask$TaskActionWrapper
instanceKlass org/gradle/api/internal/AbstractTask$13
instanceKlass org/springframework/boot/gradle/plugin/JavaPluginAction$AdditionalMetadataLocationsConfigurer
instanceKlass org/gradle/api/internal/file/collections/ReproducibleDirectoryWalker
instanceKlass org/gradle/internal/nativeintegration/services/FileSystems
instanceKlass org/gradle/api/internal/file/collections/DefaultDirectoryWalker
instanceKlass org/gradle/api/internal/file/collections/DirectoryWalker
instanceKlass org/gradle/api/internal/project/taskfactory/DefaultTaskClassInfoStore$IncrementalTaskActionFactory
instanceKlass org/gradle/api/internal/tasks/compile/CompilerForkUtils
instanceKlass org/gradle/process/CommandLineArgumentProvider
instanceKlass org/gradle/internal/instrumentation/api/annotations/ReplacesEagerProperty$DefaultValue
instanceKlass org/gradle/internal/instrumentation/api/annotations/ReplacedDeprecation
instanceKlass org/gradle/internal/instrumentation/api/annotations/ReplacedAccessor
instanceKlass jdk/internal/access/foreign/MemorySegmentProxy
instanceKlass org/gradle/api/internal/tasks/compile/CleaningJavaCompiler
instanceKlass org/gradle/api/internal/tasks/compile/incremental/recomp/AbstractRecompilationSpecProvider
instanceKlass org/gradle/api/internal/tasks/compile/DefaultJvmLanguageCompileSpec
instanceKlass org/gradle/api/internal/file/copy/DelegatingCopySpecInternal
instanceKlass org/gradle/api/internal/artifacts/configurations/TasksFromDependentProjects$TaskDependencyChecker
instanceKlass org/gradle/api/internal/artifacts/configurations/TasksFromDependentProjects
instanceKlass org/gradle/api/internal/artifacts/configurations/TasksFromProjectDependencies
instanceKlass org/gradle/api/internal/AbstractTask$12
instanceKlass org/gradle/api/internal/CompositeDomainObjectSet$2
instanceKlass org/gradle/api/internal/artifacts/configurations/DefaultArtifactCollection$ArtifactCollectionResolvedArtifactsFactory
instanceKlass org/springframework/boot/loader/tools/DefaultLibraryCoordinates
instanceKlass org/springframework/boot/loader/tools/LibraryCoordinates
instanceKlass org/gradle/api/internal/file/copy/MatchingCopyAction
instanceKlass org/gradle/api/internal/file/copy/CopySpecWrapper
instanceKlass org/springframework/boot/gradle/tasks/bundling/LayeredSpec$DependenciesSpec$IntoLayerSpecFactory
instanceKlass org/springframework/boot/gradle/tasks/bundling/LayeredSpec$ApplicationSpec$IntoLayerSpecFactory
instanceKlass org/springframework/boot/loader/tools/layer/ContentSelector
instanceKlass org/springframework/boot/gradle/tasks/bundling/LayeredSpec$IntoLayerSpec
instanceKlass org/springframework/boot/gradle/tasks/bundling/LayeredSpec$IntoLayersSpec
instanceKlass org/springframework/boot/loader/tools/Layers
instanceKlass org/springframework/boot/gradle/tasks/bundling/BootJar$ZipCompressionResolver
instanceKlass org/springframework/boot/gradle/tasks/bundling/BootJar$LibrarySpec
instanceKlass org/springframework/boot/gradle/tasks/bundling/BootArchiveSupport
instanceKlass org/springframework/boot/gradle/tasks/bundling/ResolvedDependencies
instanceKlass org/springframework/boot/gradle/tasks/bundling/LaunchScriptConfiguration
instanceKlass org/springframework/boot/gradle/tasks/bundling/LayeredSpec
instanceKlass org/gradle/jvm/tasks/Jar$ExcludeManifestAction
instanceKlass org/gradle/api/file/FileVisitDetails
instanceKlass org/gradle/api/internal/file/collections/GeneratedSingletonFileTree
instanceKlass org/gradle/api/internal/file/collections/GeneratedFiles
instanceKlass org/gradle/api/internal/file/collections/MinimalFileTree$MinimalFileTreeStructureVisitor
instanceKlass org/gradle/api/internal/file/temp/DefaultTemporaryFileProvider$1
instanceKlass org/gradle/api/java/archives/internal/DefaultAttributes
instanceKlass org/gradle/api/java/archives/Attributes
instanceKlass org/gradle/api/java/archives/internal/DefaultManifest
instanceKlass org/gradle/api/internal/lambdas/SerializableLambdas$SerializableBiFunction
instanceKlass org/gradle/api/internal/tasks/DefaultTaskInputPropertyRegistration
instanceKlass org/gradle/api/internal/tasks/TaskInputPropertyRegistration
instanceKlass org/gradle/api/internal/tasks/AbstractTaskFilePropertyRegistration
instanceKlass org/gradle/internal/properties/StaticValue
instanceKlass org/gradle/api/internal/file/copy/DefaultCopySpec$DefaultCopySpecAddress
instanceKlass org/gradle/api/internal/file/copy/DefaultCopySpec$DefaultCopySpecResolver
instanceKlass org/gradle/api/internal/file/copy/PathNotationConverter
instanceKlass org/gradle/api/file/FileCopyDetails
instanceKlass org/gradle/api/internal/file/copy/CopySpecInternal$CopySpecListener
instanceKlass org/gradle/api/internal/file/copy/CopySpecInternal$CopySpecVisitor
instanceKlass org/gradle/api/internal/file/copy/DefaultCopySpec
instanceKlass org/gradle/api/file/ConfigurableFilePermissions
instanceKlass org/gradle/api/file/FilePermissions
instanceKlass org/gradle/api/internal/file/copy/CopySpecInternal$CopySpecAddress
instanceKlass org/gradle/api/internal/file/copy/CopySpecResolver
instanceKlass org/gradle/api/internal/file/copy/CopyActionExecuter
instanceKlass org/gradle/api/java/archives/internal/ManifestInternal
instanceKlass org/gradle/api/internal/file/copy/ZipCompressor
instanceKlass org/gradle/api/internal/file/archive/compression/ArchiveOutputStreamFactory
instanceKlass org/gradle/api/internal/CompositeDomainObjectSet$1
instanceKlass org/gradle/api/internal/CompositeDomainObjectSet$ItemNotInCompositeSpec
instanceKlass org/gradle/api/internal/CompositeDomainObjectSet$ItemIsUniqueInCompositeSpec
instanceKlass org/gradle/api/internal/CompositeDomainObjectSet$DomainObjectCompositeCollection
instanceKlass org/gradle/internal/jvm/inspection/JvmToolchainMetadata
instanceKlass org/gradle/api/internal/provider/MapCollectors$EntriesFromMapProvider
instanceKlass org/gradle/api/internal/provider/DefaultMapProperty$NoValueSupplier
instanceKlass org/gradle/api/internal/provider/ValidatingMapEntryCollector
instanceKlass org/gradle/api/internal/provider/DefaultMapProperty$EmptySupplier
instanceKlass org/gradle/api/internal/provider/MapSupplier
instanceKlass org/gradle/api/internal/provider/MapCollector
instanceKlass org/gradle/api/internal/provider/MapEntryCollector
instanceKlass org/gradle/api/internal/provider/Collectors$ElementsFromCollection
instanceKlass org/gradle/platform/internal/DefaultBuildPlatform
instanceKlass org/gradle/platform/BuildPlatformFactory
instanceKlass org/gradle/platform/BuildPlatform
instanceKlass org/gradle/api/tasks/wrapper/internal/DefaultWrapperVersionsResources
instanceKlass org/gradle/api/tasks/wrapper/internal/WrapperDefaults
instanceKlass org/gradle/api/tasks/wrapper/GradleVersionResolver
instanceKlass org/gradle/api/internal/lambdas/SerializableLambdas$SerializableTransformer
instanceKlass org/gradle/buildinit/plugins/internal/modifiers/Names
instanceKlass org/gradle/buildinit/plugins/internal/CompositeProjectInitDescriptor
instanceKlass org/gradle/buildinit/plugins/internal/LanguageSpecificAdaptor
instanceKlass org/gradle/buildinit/plugins/internal/model/Description
instanceKlass org/gradle/buildinit/plugins/internal/LanguageLibraryProjectInitDescriptor
instanceKlass org/gradle/unexported/buildinit/plugins/internal/maven/PomProjectInitDescriptor
instanceKlass org/gradle/buildinit/plugins/internal/BasicProjectGenerator
instanceKlass org/gradle/buildinit/plugins/internal/AbstractBuildGenerator
instanceKlass org/gradle/buildinit/plugins/internal/GradlePropertiesGenerator
instanceKlass org/gradle/buildinit/plugins/internal/GitAttributesGenerator
instanceKlass org/gradle/buildinit/plugins/internal/GitIgnoreGenerator
instanceKlass org/gradle/buildinit/plugins/internal/ResourceDirsGenerator
instanceKlass org/gradle/buildinit/plugins/internal/SimpleGlobalFilesBuildSettingsDescriptor
instanceKlass org/gradle/buildinit/plugins/internal/DefaultTemplateLibraryVersionProvider
instanceKlass org/gradle/buildinit/plugins/internal/TemplateOperationFactory
instanceKlass org/gradle/buildinit/plugins/internal/BuildScriptBuilderFactory
instanceKlass org/gradle/buildinit/plugins/internal/LanguageSpecificProjectGenerator
instanceKlass org/gradle/buildinit/plugins/internal/TemplateLibraryVersionProvider
instanceKlass org/gradle/buildinit/plugins/internal/BuildConverter
instanceKlass org/gradle/buildinit/plugins/internal/ProjectGenerator
instanceKlass org/gradle/buildinit/plugins/internal/BuildContentGenerator
instanceKlass org/gradle/buildinit/plugins/internal/services/ProjectLayoutSetupRegistryFactory
instanceKlass org/gradle/internal/work/DefaultConditionalExecutionQueue
instanceKlass org/gradle/workers/internal/DefaultWorkResult
instanceKlass org/gradle/workers/internal/IsolatedParametersActionExecutionSpec
instanceKlass org/gradle/workers/WorkQueue
instanceKlass org/gradle/workers/WorkerSpec
instanceKlass org/gradle/internal/work/AsyncWorkCompletion
instanceKlass org/gradle/internal/work/ConditionalExecution
instanceKlass org/gradle/workers/internal/WorkerRequirement
instanceKlass org/gradle/workers/internal/DefaultWorkerExecutor
instanceKlass org/gradle/workers/internal/DefaultWorkerServer
instanceKlass org/gradle/workers/WorkParameters$None
instanceKlass org/gradle/workers/WorkParameters
instanceKlass org/gradle/workers/WorkAction
instanceKlass org/gradle/workers/internal/Worker
instanceKlass org/gradle/workers/internal/NoIsolationWorkerFactory
instanceKlass org/gradle/internal/work/ConditionalExecutionQueue
instanceKlass org/gradle/internal/work/DefaultConditionalExecutionQueueFactory
instanceKlass org/gradle/workers/internal/ClassLoaderStructure
instanceKlass org/gradle/api/internal/project/DefaultProject$LocalDetachedResolver
instanceKlass org/gradle/buildinit/plugins/internal/GenerationSettings
instanceKlass org/gradle/buildinit/plugins/internal/BuildGenerator
instanceKlass org/gradle/buildinit/plugins/internal/modifiers/WithIdentifier
instanceKlass org/gradle/buildinit/specs/BuildInitGenerator
instanceKlass org/gradle/api/internal/tasks/userinput/UserQuestions
instanceKlass org/gradle/buildinit/specs/BuildInitConfig
instanceKlass org/gradle/buildinit/plugins/internal/BuildInitializer
instanceKlass org/gradle/api/tasks/diagnostics/internal/artifact/transforms/spec/ArtifactTransformReportSpec
instanceKlass org/gradle/api/tasks/diagnostics/internal/artifact/transforms/model/ArtifactTransformReportModel
instanceKlass org/gradle/api/internal/DefaultCollectionCallbackActionDecorator$1
instanceKlass org/gradle/api/reporting/internal/DefaultReportContainer$DefaultReportFactory
instanceKlass org/gradle/api/reporting/Report$1
instanceKlass org/gradle/api/reporting/internal/DefaultReportContainer$ReportGenerator
instanceKlass org/gradle/api/reporting/internal/DefaultReportContainer$ReportFactory
instanceKlass org/gradle/api/tasks/diagnostics/internal/configurations/model/ConfigurationReportModel
instanceKlass org/gradle/api/tasks/diagnostics/configurations/ConfigurationReports
instanceKlass org/gradle/api/tasks/diagnostics/internal/configurations/spec/AbstractConfigurationReportSpec
instanceKlass org/gradle/api/tasks/diagnostics/BuildEnvironmentReportTask$BuildEnvironmentReportModel
instanceKlass org/gradle/api/tasks/diagnostics/internal/dependencies/AsciiDependencyReportRenderer$ConfigurationDetailsAction
instanceKlass org/gradle/api/tasks/diagnostics/internal/graph/nodes/RenderableDependency
instanceKlass org/gradle/api/tasks/diagnostics/AbstractDependencyReportTask$DependencyReportModel
instanceKlass org/gradle/api/tasks/diagnostics/internal/DependencyReportRenderer
instanceKlass org/gradle/api/tasks/diagnostics/internal/dependencies/AttributeMatchDetails
instanceKlass org/gradle/api/tasks/diagnostics/internal/graph/NodeRenderer
instanceKlass org/gradle/api/tasks/diagnostics/PropertyReportTask$PropertyReportModel
instanceKlass org/gradle/api/tasks/diagnostics/internal/RuleDetails
instanceKlass org/gradle/api/tasks/diagnostics/TaskReportTask$TaskReportModel
instanceKlass org/gradle/api/tasks/diagnostics/internal/SingleProjectTaskReportModel
instanceKlass org/gradle/api/tasks/diagnostics/internal/TaskDetailsFactory
instanceKlass org/gradle/api/tasks/diagnostics/internal/DefaultGroupTaskReportModel
instanceKlass org/gradle/api/tasks/diagnostics/TaskReportTask$ProjectReportModel
instanceKlass org/gradle/api/tasks/diagnostics/internal/TaskReportModel
instanceKlass org/gradle/api/tasks/diagnostics/internal/text/TextReportBuilder
instanceKlass org/gradle/internal/serialization/Transient
instanceKlass org/gradle/api/tasks/diagnostics/internal/ReportGenerator
instanceKlass org/gradle/api/tasks/diagnostics/AbstractProjectBasedReportTask$ProjectBasedReportModel
instanceKlass org/gradle/plugin/software/internal/SoftwareTypeImplementation
instanceKlass org/gradle/api/tasks/diagnostics/internal/ProjectDetails
instanceKlass org/gradle/internal/graph/GraphRenderer
instanceKlass org/gradle/api/tasks/diagnostics/ProjectReportTask$ProjectReportModel
instanceKlass org/gradle/api/tasks/diagnostics/internal/TextReportRenderer
instanceKlass org/gradle/api/tasks/diagnostics/internal/ReportRenderer
instanceKlass org/gradle/api/tasks/options/Option
instanceKlass org/gradle/configuration/TaskDetailsModel
instanceKlass com/intellij/gradle/toolingExtension/impl/util/GradleResultUtil
instanceKlass com/intellij/gradle/toolingExtension/impl/util/GradleModelProviderUtil
instanceKlass com/intellij/gradle/toolingExtension/impl/model/warmUp/GradleTaskWarmUpRequest
instanceKlass kotlin/jvm/internal/Intrinsics
instanceKlass java/util/concurrent/ConcurrentLinkedQueue$Itr
instanceKlass com/google/common/cache/LocalCache$WriteThroughEntry
instanceKlass com/google/common/cache/LocalCache$HashIterator
instanceKlass org/gradle/internal/logging/events/StyledTextOutputEvent$Span
instanceKlass org/gradle/internal/logging/events/operations/StyledTextBuildOperationProgressDetails$Span
instanceKlass org/gradle/internal/operations/logging/StyledTextBuildOperationProgressDetails$Span
instanceKlass org/gradle/api/internal/tasks/execution/ExecuteTaskBuildOperationResult
instanceKlass org/gradle/api/internal/tasks/execution/ExecuteTaskBuildOperationType$Result
instanceKlass org/gradle/api/internal/tasks/TaskExecuterResult$1
instanceKlass org/gradle/internal/build/event/types/AbstractProgressEvent
instanceKlass org/gradle/internal/build/event/types/DefaultTaskDescriptor
instanceKlass org/gradle/tooling/internal/protocol/events/InternalTaskWithExtraInfoDescriptor
instanceKlass org/gradle/tooling/internal/protocol/events/InternalTaskDescriptor
instanceKlass java/util/TreeMap$TreeMapSpliterator
instanceKlass org/gradle/api/internal/tasks/execution/EventFiringTaskExecuter$1
instanceKlass org/gradle/api/internal/tasks/execution/EventFiringTaskExecuter
instanceKlass org/gradle/api/internal/tasks/execution/CatchExceptionTaskExecuter
instanceKlass org/gradle/api/internal/tasks/execution/SkipOnlyIfTaskExecuter
instanceKlass org/gradle/api/internal/tasks/execution/SkipTaskWithNoActionsExecuter
instanceKlass org/gradle/api/internal/tasks/execution/ResolveTaskExecutionModeExecuter
instanceKlass org/gradle/api/internal/tasks/execution/FinalizePropertiesTaskExecuter
instanceKlass org/gradle/api/internal/tasks/execution/ProblemsTaskPathTrackingTaskExecuter
instanceKlass org/gradle/api/internal/tasks/TaskExecuterResult
instanceKlass org/gradle/api/internal/tasks/execution/ExecuteActionsTaskExecuter
instanceKlass org/gradle/normalization/internal/InputNormalizationHandlerInternal$CachedState
instanceKlass org/gradle/normalization/internal/DefaultInputNormalizationHandler
instanceKlass org/gradle/api/internal/changedetection/state/IgnoringResourceEntryFilter
instanceKlass org/gradle/api/internal/changedetection/state/IgnoringResourceFilter
instanceKlass org/gradle/normalization/internal/DefaultRuntimeClasspathNormalization$RuntimeMetaInfNormalization
instanceKlass org/gradle/normalization/PropertiesFileNormalization
instanceKlass org/gradle/normalization/internal/DefaultRuntimeClasspathNormalization$DefaultPropertiesFileFilter
instanceKlass org/gradle/normalization/internal/DefaultRuntimeClasspathNormalization$EvaluatableFilter
instanceKlass org/gradle/normalization/internal/RuntimeClasspathNormalizationInternal$CachedState
instanceKlass org/gradle/normalization/MetaInfNormalization
instanceKlass org/gradle/normalization/internal/DefaultRuntimeClasspathNormalization
instanceKlass org/gradle/api/internal/changedetection/changes/DefaultTaskExecutionModeResolver
instanceKlass org/gradle/api/internal/tasks/execution/DefaultTaskCacheabilityResolver
instanceKlass org/gradle/internal/file/DefaultReservedFileSystemLocationRegistry
instanceKlass org/gradle/internal/execution/workspace/MutableWorkspaceProvider
instanceKlass org/gradle/api/internal/artifacts/DefaultDependencyManagementServices$DependencyResolutionScopeServices$1
instanceKlass org/gradle/internal/snapshot/impl/ImplementationSnapshotSerializer
instanceKlass org/gradle/internal/execution/history/impl/FileSystemSnapshotSerializer
instanceKlass org/gradle/internal/execution/history/impl/FileCollectionFingerprintSerializer
instanceKlass org/gradle/internal/execution/history/PreviousExecutionState
instanceKlass org/gradle/internal/execution/history/impl/DefaultExecutionHistoryStore
instanceKlass org/gradle/api/internal/changedetection/state/DefaultExecutionHistoryCacheAccess
instanceKlass org/gradle/api/internal/tasks/TaskExecutionContext$ValidationAction
instanceKlass org/gradle/api/internal/tasks/execution/DefaultTaskExecutionContext
instanceKlass org/gradle/internal/reflect/validation/TypeValidationProblemRenderer
instanceKlass org/gradle/api/problems/internal/InternalProblem
instanceKlass org/gradle/api/internal/tasks/properties/CompositePropertyVisitor
instanceKlass org/gradle/api/internal/tasks/properties/DefaultTaskProperties$GetDestroyablesVisitor
instanceKlass org/gradle/api/internal/tasks/properties/DefaultTaskProperties$GetLocalStateVisitor
instanceKlass org/gradle/api/internal/tasks/properties/OutputUnpacker$UnpackedOutputConsumer$1
instanceKlass org/gradle/api/internal/tasks/properties/OutputUnpacker
instanceKlass org/gradle/api/internal/tasks/properties/OutputFilesCollector
instanceKlass org/gradle/api/internal/tasks/properties/ValidationAction
instanceKlass org/gradle/api/internal/tasks/properties/DefaultTaskProperties$ValidationVisitor
instanceKlass org/gradle/api/internal/tasks/properties/GetServiceReferencesVisitor
instanceKlass org/gradle/api/internal/tasks/properties/GetInputFilesVisitor
instanceKlass org/gradle/api/internal/tasks/properties/GetInputPropertiesVisitor
instanceKlass org/gradle/api/internal/tasks/properties/DefaultTaskProperties
instanceKlass org/gradle/api/internal/tasks/properties/TaskProperties
instanceKlass org/gradle/execution/plan/ResolveMutationsNode$ResolveTaskMutationsDetails
instanceKlass org/gradle/api/internal/tasks/execution/ResolveTaskMutationsBuildOperationType$Details
instanceKlass org/gradle/execution/plan/ResolveMutationsNode$1
instanceKlass org/gradle/api/execution/TaskActionListener
instanceKlass org/gradle/execution/plan/MissingTaskDependencyDetector
instanceKlass org/gradle/api/internal/tasks/TaskExecuter
instanceKlass org/gradle/internal/file/ReservedFileSystemLocationRegistry
instanceKlass org/gradle/api/internal/changedetection/TaskExecutionModeResolver
instanceKlass org/gradle/api/internal/tasks/execution/TaskCacheabilityResolver
instanceKlass org/gradle/execution/ProjectExecutionServices
instanceKlass org/gradle/execution/ProjectExecutionServiceRegistry$DefaultNodeExecutionContext
instanceKlass org/gradle/execution/plan/DefaultPlanExecutor$WorkItem
instanceKlass org/gradle/execution/plan/WorkSource$Selection
instanceKlass org/gradle/execution/plan/edges/DependencyPredecessorsOnlyNodeSet
instanceKlass org/gradle/execution/plan/edges/DependencySuccessorsOnlyNodeSet
instanceKlass org/gradle/execution/plan/DefaultPlanExecutor$ExecutorState$WorkerState
instanceKlass org/gradle/execution/plan/DefaultPlanExecutor$ExecutorWorker
instanceKlass org/gradle/execution/plan/DefaultPlanExecutor$PlanDetails
instanceKlass org/gradle/execution/taskgraph/DefaultTaskExecutionGraph$InvokeNodeExecutorsAction
instanceKlass org/gradle/execution/taskgraph/DefaultTaskExecutionGraph$BuildOperationAwareExecutionAction
instanceKlass org/gradle/execution/ProjectExecutionServiceRegistry
instanceKlass org/gradle/execution/RunRootBuildWorkBuildOperationType$Details
instanceKlass org/gradle/execution/BuildOperationFiringBuildWorkerExecutor$ExecuteTasks
instanceKlass org/gradle/composite/internal/DefaultBuildController$BuildOpRunnable
instanceKlass org/gradle/internal/buildtree/BuildOperationFiringBuildTreeWorkExecutor$2
instanceKlass org/gradle/composite/internal/DefaultIncludedBuildTaskGraph$DefaultBuildTreeWorkGraph$1$1
instanceKlass org/gradle/internal/taskgraph/CalculateTreeTaskGraphBuildOperationType$Result
instanceKlass org/gradle/api/internal/provider/ValueSupplier$TaskProducer
instanceKlass org/gradle/execution/taskgraph/NotifyTaskGraphWhenReadyBuildOperationType$1
instanceKlass org/gradle/execution/taskgraph/NotifyTaskGraphWhenReadyBuildOperationType$Result
instanceKlass org/gradle/execution/taskgraph/NotifyTaskGraphWhenReadyBuildOperationType
instanceKlass org/gradle/execution/taskgraph/DefaultTaskExecutionGraph$NotifyTaskGraphWhenReadyDetails
instanceKlass org/gradle/execution/taskgraph/NotifyTaskGraphWhenReadyBuildOperationType$Details
instanceKlass org/gradle/execution/taskgraph/DefaultTaskExecutionGraph$NotifyTaskGraphWhenReady
instanceKlass org/gradle/execution/plan/DefaultFinalizedExecutionPlan$ExecutionQueue
instanceKlass org/gradle/execution/plan/DefaultFinalizedExecutionPlan$1
instanceKlass org/gradle/execution/plan/DefaultFinalizedExecutionPlan
instanceKlass org/gradle/execution/plan/WorkSource
instanceKlass org/gradle/execution/plan/FinalizedExecutionPlan$1
instanceKlass org/gradle/execution/taskgraph/DefaultTaskExecutionGraph
instanceKlass org/gradle/api/internal/tasks/TaskExecutionContext
instanceKlass org/gradle/execution/plan/LocalTaskNodeExecutor
instanceKlass org/gradle/execution/plan/WorkNodeExecutor
instanceKlass org/gradle/internal/build/BuildOperationFiringBuildWorkPreparer$PopulateWorkGraph$CalculateTaskGraphResult
instanceKlass org/gradle/internal/taskgraph/CalculateTaskGraphBuildOperationType$Result
instanceKlass org/gradle/execution/plan/ToPlannedTaskConverter$PlannedTaskIdentity
instanceKlass org/gradle/initialization/DefaultPlannedTask
instanceKlass org/gradle/internal/taskgraph/CalculateTaskGraphBuildOperationType$PlannedTask
instanceKlass org/gradle/internal/build/PlannedNodeGraph
instanceKlass org/gradle/internal/build/PlannedNodeGraph$IdentityProvider
instanceKlass org/gradle/internal/build/PlannedNodeGraph$DependencyTraverser
instanceKlass org/gradle/internal/build/PlannedNodeGraph$Collector
instanceKlass org/gradle/execution/plan/ScheduledWork
instanceKlass org/gradle/execution/plan/DetermineExecutionPlanAction$TaskClassifier
instanceKlass org/gradle/execution/plan/DetermineExecutionPlanAction$NodeInVisitingSegment
instanceKlass org/gradle/execution/plan/DetermineExecutionPlanAction
instanceKlass org/gradle/internal/reflect/validation/TypeValidationContext$1
instanceKlass org/gradle/api/internal/tasks/TaskPropertyUtils
instanceKlass org/gradle/api/internal/tasks/DefaultTaskInputs$1
instanceKlass org/gradle/api/internal/project/ProjectOrderingUtil
instanceKlass org/gradle/execution/plan/ResolveMutationsNode$2
instanceKlass org/gradle/api/internal/tasks/execution/ResolveTaskMutationsBuildOperationType$Result
instanceKlass org/gradle/execution/plan/NodeSets
instanceKlass org/gradle/execution/plan/ConsumerState
instanceKlass org/gradle/execution/plan/MutationInfo
instanceKlass org/gradle/execution/plan/edges/DependentNodesSet$1
instanceKlass org/gradle/execution/plan/edges/DependentNodesSet
instanceKlass org/gradle/execution/plan/edges/DependencyNodesSet$1
instanceKlass org/gradle/execution/plan/edges/DependencyNodesSet
instanceKlass org/gradle/execution/plan/TaskNodeFactory$DefaultTypeOriginInspectorFactory$ProjectScopedTypeOriginInspector
instanceKlass org/gradle/execution/plan/NodeGroup
instanceKlass org/gradle/execution/plan/NodeComparator
instanceKlass org/gradle/execution/TaskNameResolver$FixedTaskSelectionResult
instanceKlass org/gradle/api/internal/tasks/DefaultTaskContainer$TaskCreatingProvider$1
instanceKlass org/gradle/execution/TaskNameResolver$MultiProjectTaskSelectionResult
instanceKlass org/gradle/execution/selection/DefaultBuildTaskSelector$ProjectResolutionResult
instanceKlass org/gradle/internal/build/DefaultBuildLifecycleController$DefaultWorkGraphBuilder
instanceKlass org/gradle/internal/build/BuildOperationFiringBuildWorkPreparer$PopulateWorkGraph$1
instanceKlass org/gradle/internal/taskgraph/CalculateTaskGraphBuildOperationType$Details
instanceKlass org/gradle/internal/build/BuildOperationFiringBuildWorkPreparer$PopulateWorkGraph
instanceKlass org/gradle/internal/build/DefaultBuildLifecycleController$DefaultBuildWorkPlan
instanceKlass org/gradle/execution/plan/OrdinalNodeAccess
instanceKlass org/gradle/execution/plan/QueryableExecutionPlan$ScheduledNodes
instanceKlass org/gradle/execution/plan/FinalizedExecutionPlan
instanceKlass org/gradle/execution/plan/DefaultExecutionPlan
instanceKlass org/gradle/execution/plan/QueryableExecutionPlan
instanceKlass org/gradle/internal/build/DefaultBuildWorkGraphController$DefaultBuildWorkGraph
instanceKlass org/gradle/composite/internal/DefaultBuildController
instanceKlass org/gradle/internal/build/BuildLifecycleController$WorkGraphBuilder
instanceKlass org/gradle/composite/internal/TaskIdentifier
instanceKlass org/gradle/composite/internal/DefaultIncludedBuildTaskGraph$DefaultBuildTreeWorkGraphBuilder
instanceKlass org/gradle/composite/internal/DefaultIncludedBuildTaskGraph$DefaultBuildTreeWorkGraph$1$2
instanceKlass org/gradle/internal/taskgraph/CalculateTreeTaskGraphBuildOperationType$Details
instanceKlass org/gradle/composite/internal/DefaultIncludedBuildTaskGraph$DefaultBuildTreeWorkGraph$1
instanceKlass org/gradle/internal/buildtree/BuildTreeWorkGraph$Builder
instanceKlass org/gradle/composite/internal/BuildController
instanceKlass org/gradle/composite/internal/DefaultBuildControllers
instanceKlass org/gradle/composite/internal/BuildControllers
instanceKlass org/gradle/composite/internal/DefaultIncludedBuildTaskGraph$DefaultBuildTreeWorkGraph
instanceKlass org/gradle/internal/buildtree/BuildTreeWorkGraph$FinalizedGraph
instanceKlass org/gradle/internal/buildtree/BuildTreeWorkGraph
instanceKlass org/gradle/internal/cc/impl/VintageBuildTreeWorkController$scheduleAndRunRequestedTasks$1
instanceKlass org/gradle/tooling/internal/provider/PhasedBuildActionResult
instanceKlass com/intellij/gradle/toolingExtension/impl/model/utilTurnOffDefaultTasksModel/DefaultTurnOffDefaultTasks
instanceKlass com/intellij/gradle/toolingExtension/impl/model/utilTurnOffDefaultTasksModel/TurnOffDefaultTasks
instanceKlass org/gradle/internal/buildtree/BuildTreeModelSideEffect
instanceKlass org/gradle/tooling/internal/provider/serialization/StreamedValue
instanceKlass org/apache/commons/io/IOUtils
instanceKlass org/gradle/internal/serialize/ExceptionReplacingObjectOutputStream$1
instanceKlass java/io/ObjectOutputStream$ReplaceTable
instanceKlass java/io/ObjectOutputStream$HandleTable
instanceKlass org/gradle/tooling/internal/provider/serialization/WellKnownClassLoaderRegistry$1
instanceKlass org/gradle/tooling/internal/provider/serialization/DefaultPayloadClassLoaderRegistry$1
instanceKlass org/jetbrains/kotlin/idea/gradleTooling/PrepareKotlinIdeaImportTaskModelBuilder$Messages
instanceKlass kotlin/collections/EmptySet
instanceKlass org/jetbrains/kotlin/idea/gradleTooling/PrepareKotlinIdeImportTaskModel
