2026-04-02 22:14:13 [INFO] 🔧 Crawler Config: HIGH | Engine: Playwright (Manual Stealth)
2026-04-02 22:14:13 [INFO] 🔧 Crawler Config: HIGH | Engine: Playwright (Manual Stealth)
2026-04-02 22:14:13 [INFO] 🔧 Crawler Config: HIGH | Engine: Playwright (Manual Stealth)
2026-04-02 22:14:28 [INFO] [VIP Worker] 새치기 전담 스레드 즉시 출발!
2026-04-02 22:14:28 [INFO] [VIP Worker] 새치기 전담 스레드 즉시 출발!
2026-04-02 22:14:29 [INFO] 🌐 크롬 브라우저 시작 (메모리 최적화 + 스텔스 옵션)
2026-04-02 22:14:29 [INFO] 🌐 크롬 브라우저 시작 (메모리 최적화 + 스텔스 옵션)
2026-04-02 22:14:29 [INFO] 🚨 [VIP 새치기 발동!] 유저 요청 JP0102-PPSA26873_00-FULLGAME00000001 즉시 수집 중...
2026-04-02 22:14:29 [INFO] 🚨 [VIP 새치기 발동!] 유저 요청 JP0102-PPSA26873_00-FULLGAME00000001 즉시 수집 중...
2026-04-02 22:14:35 [INFO]    📤 Sent: 몬스터헌터 스토리즈 3 엇갈린 운명 (중국어(간체자), 한국어, 영어, 일본어, 중국어(번체자)) (79800 KRW)
2026-04-02 22:14:35 [INFO]    📤 Sent: 몬스터헌터 스토리즈 3 엇갈린 운명 (중국어(간체자), 한국어, 영어, 일본어, 중국어(번체자)) (79800 KRW)
2026-04-02 22:14:35 [INFO] [VIP 콜백 완료] SUCCESS
2026-04-02 22:14:35 [INFO] [VIP 콜백 완료] SUCCESS
2026-04-02 22:14:36 [INFO] 🛑 [VIP Worker] 모든 새치기 처리 완료. 전담 엔진 종료.
2026-04-02 22:14:36 [INFO] 🛑 [VIP Worker] 모든 새치기 처리 완료. 전담 엔진 종료.
2026-04-02 22:27:33 [INFO] 🔧 Crawler Config: HIGH | Engine: Playwright (Manual Stealth)
2026-04-02 22:27:33 [INFO] 🔧 Crawler Config: HIGH | Engine: Playwright (Manual Stealth)
2026-04-02 22:27:33 [INFO] 🔧 Crawler Config: HIGH | Engine: Playwright (Manual Stealth)
2026-04-02 22:27:33 [INFO] [Stealth Worker] 메타크리틱 평점 수집 워커가 백그라운드에서 가동됩니다.
2026-04-02 22:27:33 [INFO] [Stealth Worker] 메타크리틱 평점 수집 워커가 백그라운드에서 가동됩니다.
2026-04-02 22:27:38 [ERROR] 스텔스 워커 루프 에러: HTTPConnectionPool(host='catalog-service', port=8080): Max retries exceeded with url: /api/internal/scraping/ratings/target (Caused by NewConnectionError("HTTPConnection(host='catalog-service', port=8080): Failed to establish a new connection: [Errno 111] Connection refused"))
2026-04-02 22:27:38 [ERROR] 스텔스 워커 루프 에러: HTTPConnectionPool(host='catalog-service', port=8080): Max retries exceeded with url: /api/internal/scraping/ratings/target (Caused by NewConnectionError("HTTPConnection(host='catalog-service', port=8080): Failed to establish a new connection: [Errno 111] Connection refused"))
2026-04-02 22:27:43 [INFO] [Metacritic] 타겟 접속 시도: https://www.metacritic.com/game/ghost-of-tsushima-director-s-cut/
2026-04-02 22:27:43 [INFO] [Metacritic] 타겟 접속 시도: https://www.metacritic.com/game/ghost-of-tsushima-director-s-cut/
2026-04-02 22:27:45 [WARNING] ❌ [404] 게임을 찾을 수 없음: Ghost of Tsushima DIRECTORS CUT
2026-04-02 22:27:45 [WARNING] ❌ [404] 게임을 찾을 수 없음: Ghost of Tsushima DIRECTORS CUT
2026-04-02 22:27:45 [INFO] 평점 수집 결과 전송 완료 (GameID: 1)
2026-04-02 22:27:45 [INFO] 평점 수집 결과 전송 완료 (GameID: 1)
2026-04-02 22:40:02 [INFO] [Metacritic] 타겟 접속 시도: https://www.metacritic.com/game/ghost-of-tsushima-director-s-cut/
2026-04-02 22:40:02 [INFO] [Metacritic] 타겟 접속 시도: https://www.metacritic.com/game/ghost-of-tsushima-director-s-cut/
2026-04-02 22:40:03 [WARNING] ❌ [404] 게임을 찾을 수 없음: Ghost of Tsushima DIRECTORS CUT
2026-04-02 22:40:03 [WARNING] ❌ [404] 게임을 찾을 수 없음: Ghost of Tsushima DIRECTORS CUT
2026-04-02 22:40:03 [INFO] 평점 수집 결과 전송 완료 (GameID: 1)
2026-04-02 22:40:03 [INFO] 평점 수집 결과 전송 완료 (GameID: 1)
2026-04-02 22:41:59 [INFO] [Metacritic] 타겟 접속 시도: https://www.metacritic.com/game/ghost-of-tsushima-director-s-cut/
2026-04-02 22:41:59 [INFO] [Metacritic] 타겟 접속 시도: https://www.metacritic.com/game/ghost-of-tsushima-director-s-cut/
2026-04-02 22:42:00 [WARNING] ❌ [404] 게임을 찾을 수 없음: Ghost of Tsushima DIRECTORS CUT
2026-04-02 22:42:00 [WARNING] ❌ [404] 게임을 찾을 수 없음: Ghost of Tsushima DIRECTORS CUT
2026-04-02 22:42:00 [INFO] 평점 수집 결과 전송 완료 (GameID: 1)
2026-04-02 22:42:00 [INFO] 평점 수집 결과 전송 완료 (GameID: 1)
2026-04-02 22:50:33 [ERROR] 스텔스 워커 루프 에러: HTTPConnectionPool(host='catalog-service', port=8080): Max retries exceeded with url: /api/internal/scraping/ratings/target (Caused by NameResolutionError("HTTPConnection(host='catalog-service', port=8080): Failed to resolve 'catalog-service' ([Errno -2] Name or service not known)"))
2026-04-02 22:50:33 [ERROR] 스텔스 워커 루프 에러: HTTPConnectionPool(host='catalog-service', port=8080): Max retries exceeded with url: /api/internal/scraping/ratings/target (Caused by NameResolutionError("HTTPConnection(host='catalog-service', port=8080): Failed to resolve 'catalog-service' ([Errno -2] Name or service not known)"))
2026-04-02 22:50:41 [INFO] 🔧 Crawler Config: HIGH | Engine: Playwright (Manual Stealth)
2026-04-02 22:50:41 [INFO] 🔧 Crawler Config: HIGH | Engine: Playwright (Manual Stealth)
2026-04-02 22:50:41 [INFO] 🔧 Crawler Config: HIGH | Engine: Playwright (Manual Stealth)
2026-04-02 22:50:41 [INFO] [Stealth Worker] 메타크리틱 평점 수집 워커가 백그라운드에서 가동됩니다.
2026-04-02 22:50:41 [INFO] [Stealth Worker] 메타크리틱 평점 수집 워커가 백그라운드에서 가동됩니다.
2026-04-02 22:50:46 [ERROR] 스텔스 워커 루프 에러: HTTPConnectionPool(host='catalog-service', port=8080): Max retries exceeded with url: /api/internal/scraping/ratings/target (Caused by NewConnectionError("HTTPConnection(host='catalog-service', port=8080): Failed to establish a new connection: [Errno 111] Connection refused"))
2026-04-02 22:50:46 [ERROR] 스텔스 워커 루프 에러: HTTPConnectionPool(host='catalog-service', port=8080): Max retries exceeded with url: /api/internal/scraping/ratings/target (Caused by NewConnectionError("HTTPConnection(host='catalog-service', port=8080): Failed to establish a new connection: [Errno 111] Connection refused"))
2026-04-02 22:51:52 [INFO] [Metacritic] 타겟 접속 시도: https://www.metacritic.com/game/ghost-of-tsushima-director-s-cut/
2026-04-02 22:51:52 [INFO] [Metacritic] 타겟 접속 시도: https://www.metacritic.com/game/ghost-of-tsushima-director-s-cut/
2026-04-02 22:51:54 [WARNING] ❌ [404] 게임을 찾을 수 없음: Ghost of Tsushima DIRECTORS CUT
2026-04-02 22:51:54 [WARNING] ❌ [404] 게임을 찾을 수 없음: Ghost of Tsushima DIRECTORS CUT
2026-04-02 22:51:54 [INFO] 평점 수집 결과 전송 완료 (GameID: 1)
2026-04-02 22:51:54 [INFO] 평점 수집 결과 전송 완료 (GameID: 1)
2026-04-02 22:55:46 [ERROR] 스텔스 워커 루프 에러: HTTPConnectionPool(host='catalog-service', port=8080): Max retries exceeded with url: /api/internal/scraping/ratings/target (Caused by NameResolutionError("HTTPConnection(host='catalog-service', port=8080): Failed to resolve 'catalog-service' ([Errno -2] Name or service not known)"))
2026-04-02 22:55:46 [ERROR] 스텔스 워커 루프 에러: HTTPConnectionPool(host='catalog-service', port=8080): Max retries exceeded with url: /api/internal/scraping/ratings/target (Caused by NameResolutionError("HTTPConnection(host='catalog-service', port=8080): Failed to resolve 'catalog-service' ([Errno -2] Name or service not known)"))
2026-04-02 22:55:54 [ERROR] 스텔스 워커 루프 에러: HTTPConnectionPool(host='catalog-service', port=8080): Max retries exceeded with url: /api/internal/scraping/ratings/target (Caused by NameResolutionError("HTTPConnection(host='catalog-service', port=8080): Failed to resolve 'catalog-service' ([Errno -2] Name or service not known)"))
2026-04-02 22:55:54 [ERROR] 스텔스 워커 루프 에러: HTTPConnectionPool(host='catalog-service', port=8080): Max retries exceeded with url: /api/internal/scraping/ratings/target (Caused by NameResolutionError("HTTPConnection(host='catalog-service', port=8080): Failed to resolve 'catalog-service' ([Errno -2] Name or service not known)"))
2026-04-02 22:55:54 [INFO] 🔧 Crawler Config: HIGH | Engine: Playwright (Manual Stealth)
2026-04-02 22:55:54 [INFO] 🔧 Crawler Config: HIGH | Engine: Playwright (Manual Stealth)
2026-04-02 22:55:54 [INFO] 🔧 Crawler Config: HIGH | Engine: Playwright (Manual Stealth)
2026-04-02 22:55:54 [INFO] [Stealth Worker] 메타크리틱 평점 수집 워커가 백그라운드에서 가동됩니다.
2026-04-02 22:55:54 [INFO] [Stealth Worker] 메타크리틱 평점 수집 워커가 백그라운드에서 가동됩니다.
2026-04-02 22:55:59 [ERROR] 스텔스 워커 루프 에러: HTTPConnectionPool(host='catalog-service', port=8080): Max retries exceeded with url: /api/internal/scraping/ratings/target (Caused by NewConnectionError("HTTPConnection(host='catalog-service', port=8080): Failed to establish a new connection: [Errno 111] Connection refused"))
2026-04-02 22:55:59 [ERROR] 스텔스 워커 루프 에러: HTTPConnectionPool(host='catalog-service', port=8080): Max retries exceeded with url: /api/internal/scraping/ratings/target (Caused by NewConnectionError("HTTPConnection(host='catalog-service', port=8080): Failed to establish a new connection: [Errno 111] Connection refused"))
2026-04-02 22:57:35 [INFO] 📥 1호기(Java)가 던져준 정제된 타겟명: [Ghost of Tsushima DIRECTORS CUT]
2026-04-02 22:57:35 [INFO] 📥 1호기(Java)가 던져준 정제된 타겟명: [Ghost of Tsushima DIRECTORS CUT]
2026-04-02 22:57:35 [INFO] [Metacritic] 타겟 접속 시도: https://www.metacritic.com/game/ghost-of-tsushima-director-s-cut/
2026-04-02 22:57:35 [INFO] [Metacritic] 타겟 접속 시도: https://www.metacritic.com/game/ghost-of-tsushima-director-s-cut/
2026-04-02 22:57:36 [WARNING] ❌ [404] 게임을 찾을 수 없음: Ghost of Tsushima DIRECTORS CUT
2026-04-02 22:57:36 [WARNING] ❌ [404] 게임을 찾을 수 없음: Ghost of Tsushima DIRECTORS CUT
2026-04-02 22:57:37 [INFO] 평점 수집 결과 전송 완료 (GameID: 1)
2026-04-02 22:57:37 [INFO] 평점 수집 결과 전송 완료 (GameID: 1)
2026-04-02 23:10:19 [INFO] 🔧 Crawler Config: HIGH | Engine: Playwright (Manual Stealth)
2026-04-02 23:10:19 [INFO] 🔧 Crawler Config: HIGH | Engine: Playwright (Manual Stealth)
2026-04-02 23:10:19 [INFO] [Stealth Worker] 메타크리틱 평점 수집 워커가 백그라운드에서 가동됩니다.
2026-04-02 23:10:54 [INFO] [Metacritic] 타겟 접속 시도: https://www.metacritic.com/game/ghost-of-tsushima-director-s-cut/
2026-04-02 23:10:56 [WARNING] ❌ [404] 게임을 찾을 수 없음: Ghost of Tsushima DIRECTORS CUT
2026-04-02 23:10:56 [INFO] 평점 수집 결과 전송 완료 (GameID: 1)
2026-04-02 23:13:54 [ERROR] 스텔스 워커 루프 에러: HTTPConnectionPool(host='catalog-service', port=8080): Max retries exceeded with url: /api/internal/scraping/ratings/target (Caused by NameResolutionError("HTTPConnection(host='catalog-service', port=8080): Failed to resolve 'catalog-service' ([Errno -2] Name or service not known)"))
2026-04-02 23:14:01 [ERROR] 스텔스 워커 루프 에러: HTTPConnectionPool(host='catalog-service', port=8080): Max retries exceeded with url: /api/internal/scraping/ratings/target (Caused by NameResolutionError("HTTPConnection(host='catalog-service', port=8080): Failed to resolve 'catalog-service' ([Errno -2] Name or service not known)"))
2026-04-02 23:14:08 [ERROR] 스텔스 워커 루프 에러: HTTPConnectionPool(host='catalog-service', port=8080): Max retries exceeded with url: /api/internal/scraping/ratings/target (Caused by NameResolutionError("HTTPConnection(host='catalog-service', port=8080): Failed to resolve 'catalog-service' ([Errno -2] Name or service not known)"))
2026-04-02 23:14:15 [ERROR] 스텔스 워커 루프 에러: HTTPConnectionPool(host='catalog-service', port=8080): Max retries exceeded with url: /api/internal/scraping/ratings/target (Caused by NameResolutionError("HTTPConnection(host='catalog-service', port=8080): Failed to resolve 'catalog-service' ([Errno -2] Name or service not known)"))
2026-04-02 23:14:22 [ERROR] 스텔스 워커 루프 에러: HTTPConnectionPool(host='catalog-service', port=8080): Max retries exceeded with url: /api/internal/scraping/ratings/target (Caused by NameResolutionError("HTTPConnection(host='catalog-service', port=8080): Failed to resolve 'catalog-service' ([Errno -2] Name or service not known)"))
2026-04-02 23:14:29 [ERROR] 스텔스 워커 루프 에러: HTTPConnectionPool(host='catalog-service', port=8080): Max retries exceeded with url: /api/internal/scraping/ratings/target (Caused by NameResolutionError("HTTPConnection(host='catalog-service', port=8080): Failed to resolve 'catalog-service' ([Errno -2] Name or service not known)"))
2026-04-02 23:14:36 [ERROR] 스텔스 워커 루프 에러: HTTPConnectionPool(host='catalog-service', port=8080): Max retries exceeded with url: /api/internal/scraping/ratings/target (Caused by NameResolutionError("HTTPConnection(host='catalog-service', port=8080): Failed to resolve 'catalog-service' ([Errno -2] Name or service not known)"))
2026-04-02 23:14:43 [ERROR] 스텔스 워커 루프 에러: HTTPConnectionPool(host='catalog-service', port=8080): Max retries exceeded with url: /api/internal/scraping/ratings/target (Caused by NameResolutionError("HTTPConnection(host='catalog-service', port=8080): Failed to resolve 'catalog-service' ([Errno -2] Name or service not known)"))
2026-04-02 23:14:50 [ERROR] 스텔스 워커 루프 에러: HTTPConnectionPool(host='catalog-service', port=8080): Max retries exceeded with url: /api/internal/scraping/ratings/target (Caused by NameResolutionError("HTTPConnection(host='catalog-service', port=8080): Failed to resolve 'catalog-service' ([Errno -2] Name or service not known)"))
2026-04-02 23:14:57 [ERROR] 스텔스 워커 루프 에러: HTTPConnectionPool(host='catalog-service', port=8080): Max retries exceeded with url: /api/internal/scraping/ratings/target (Caused by NameResolutionError("HTTPConnection(host='catalog-service', port=8080): Failed to resolve 'catalog-service' ([Errno -2] Name or service not known)"))
2026-04-02 23:15:04 [ERROR] 스텔스 워커 루프 에러: HTTPConnectionPool(host='catalog-service', port=8080): Max retries exceeded with url: /api/internal/scraping/ratings/target (Caused by NameResolutionError("HTTPConnection(host='catalog-service', port=8080): Failed to resolve 'catalog-service' ([Errno -2] Name or service not known)"))
2026-04-02 23:15:11 [ERROR] 스텔스 워커 루프 에러: HTTPConnectionPool(host='catalog-service', port=8080): Max retries exceeded with url: /api/internal/scraping/ratings/target (Caused by NameResolutionError("HTTPConnection(host='catalog-service', port=8080): Failed to resolve 'catalog-service' ([Errno -2] Name or service not known)"))
2026-04-02 23:15:18 [ERROR] 스텔스 워커 루프 에러: HTTPConnectionPool(host='catalog-service', port=8080): Max retries exceeded with url: /api/internal/scraping/ratings/target (Caused by NameResolutionError("HTTPConnection(host='catalog-service', port=8080): Failed to resolve 'catalog-service' ([Errno -2] Name or service not known)"))
2026-04-02 23:15:25 [ERROR] 스텔스 워커 루프 에러: HTTPConnectionPool(host='catalog-service', port=8080): Max retries exceeded with url: /api/internal/scraping/ratings/target (Caused by NameResolutionError("HTTPConnection(host='catalog-service', port=8080): Failed to resolve 'catalog-service' ([Errno -2] Name or service not known)"))
2026-04-02 23:15:32 [ERROR] 스텔스 워커 루프 에러: HTTPConnectionPool(host='catalog-service', port=8080): Max retries exceeded with url: /api/internal/scraping/ratings/target (Caused by NameResolutionError("HTTPConnection(host='catalog-service', port=8080): Failed to resolve 'catalog-service' ([Errno -2] Name or service not known)"))
2026-04-02 23:15:39 [ERROR] 스텔스 워커 루프 에러: HTTPConnectionPool(host='catalog-service', port=8080): Max retries exceeded with url: /api/internal/scraping/ratings/target (Caused by NameResolutionError("HTTPConnection(host='catalog-service', port=8080): Failed to resolve 'catalog-service' ([Errno -2] Name or service not known)"))
2026-04-02 23:15:46 [ERROR] 스텔스 워커 루프 에러: HTTPConnectionPool(host='catalog-service', port=8080): Max retries exceeded with url: /api/internal/scraping/ratings/target (Caused by NameResolutionError("HTTPConnection(host='catalog-service', port=8080): Failed to resolve 'catalog-service' ([Errno -2] Name or service not known)"))
2026-04-02 23:15:53 [ERROR] 스텔스 워커 루프 에러: HTTPConnectionPool(host='catalog-service', port=8080): Max retries exceeded with url: /api/internal/scraping/ratings/target (Caused by NameResolutionError("HTTPConnection(host='catalog-service', port=8080): Failed to resolve 'catalog-service' ([Errno -2] Name or service not known)"))
2026-04-02 23:16:00 [ERROR] 스텔스 워커 루프 에러: HTTPConnectionPool(host='catalog-service', port=8080): Max retries exceeded with url: /api/internal/scraping/ratings/target (Caused by NameResolutionError("HTTPConnection(host='catalog-service', port=8080): Failed to resolve 'catalog-service' ([Errno -2] Name or service not known)"))
2026-04-02 23:16:07 [ERROR] 스텔스 워커 루프 에러: HTTPConnectionPool(host='catalog-service', port=8080): Max retries exceeded with url: /api/internal/scraping/ratings/target (Caused by NameResolutionError("HTTPConnection(host='catalog-service', port=8080): Failed to resolve 'catalog-service' ([Errno -2] Name or service not known)"))
2026-04-02 23:16:14 [ERROR] 스텔스 워커 루프 에러: HTTPConnectionPool(host='catalog-service', port=8080): Max retries exceeded with url: /api/internal/scraping/ratings/target (Caused by NameResolutionError("HTTPConnection(host='catalog-service', port=8080): Failed to resolve 'catalog-service' ([Errno -2] Name or service not known)"))
2026-04-02 23:16:22 [ERROR] 스텔스 워커 루프 에러: HTTPConnectionPool(host='catalog-service', port=8080): Max retries exceeded with url: /api/internal/scraping/ratings/target (Caused by NameResolutionError("HTTPConnection(host='catalog-service', port=8080): Failed to resolve 'catalog-service' ([Errno -2] Name or service not known)"))
2026-04-02 23:16:29 [ERROR] 스텔스 워커 루프 에러: HTTPConnectionPool(host='catalog-service', port=8080): Max retries exceeded with url: /api/internal/scraping/ratings/target (Caused by NameResolutionError("HTTPConnection(host='catalog-service', port=8080): Failed to resolve 'catalog-service' ([Errno -2] Name or service not known)"))
2026-04-02 23:16:36 [ERROR] 스텔스 워커 루프 에러: HTTPConnectionPool(host='catalog-service', port=8080): Max retries exceeded with url: /api/internal/scraping/ratings/target (Caused by NameResolutionError("HTTPConnection(host='catalog-service', port=8080): Failed to resolve 'catalog-service' ([Errno -2] Name or service not known)"))
2026-04-02 23:16:43 [ERROR] 스텔스 워커 루프 에러: HTTPConnectionPool(host='catalog-service', port=8080): Max retries exceeded with url: /api/internal/scraping/ratings/target (Caused by NameResolutionError("HTTPConnection(host='catalog-service', port=8080): Failed to resolve 'catalog-service' ([Errno -2] Name or service not known)"))
2026-04-02 23:16:50 [ERROR] 스텔스 워커 루프 에러: HTTPConnectionPool(host='catalog-service', port=8080): Max retries exceeded with url: /api/internal/scraping/ratings/target (Caused by NameResolutionError("HTTPConnection(host='catalog-service', port=8080): Failed to resolve 'catalog-service' ([Errno -2] Name or service not known)"))
2026-04-02 23:16:57 [ERROR] 스텔스 워커 루프 에러: HTTPConnectionPool(host='catalog-service', port=8080): Max retries exceeded with url: /api/internal/scraping/ratings/target (Caused by NameResolutionError("HTTPConnection(host='catalog-service', port=8080): Failed to resolve 'catalog-service' ([Errno -2] Name or service not known)"))
2026-04-02 23:17:04 [ERROR] 스텔스 워커 루프 에러: HTTPConnectionPool(host='catalog-service', port=8080): Max retries exceeded with url: /api/internal/scraping/ratings/target (Caused by NameResolutionError("HTTPConnection(host='catalog-service', port=8080): Failed to resolve 'catalog-service' ([Errno -2] Name or service not known)"))
2026-04-02 23:17:11 [ERROR] 스텔스 워커 루프 에러: HTTPConnectionPool(host='catalog-service', port=8080): Max retries exceeded with url: /api/internal/scraping/ratings/target (Caused by NameResolutionError("HTTPConnection(host='catalog-service', port=8080): Failed to resolve 'catalog-service' ([Errno -2] Name or service not known)"))
2026-04-02 23:17:18 [ERROR] 스텔스 워커 루프 에러: HTTPConnectionPool(host='catalog-service', port=8080): Max retries exceeded with url: /api/internal/scraping/ratings/target (Caused by NameResolutionError("HTTPConnection(host='catalog-service', port=8080): Failed to resolve 'catalog-service' ([Errno -2] Name or service not known)"))
2026-04-02 23:17:25 [ERROR] 스텔스 워커 루프 에러: HTTPConnectionPool(host='catalog-service', port=8080): Max retries exceeded with url: /api/internal/scraping/ratings/target (Caused by NameResolutionError("HTTPConnection(host='catalog-service', port=8080): Failed to resolve 'catalog-service' ([Errno -2] Name or service not known)"))
2026-04-02 23:17:32 [ERROR] 스텔스 워커 루프 에러: HTTPConnectionPool(host='catalog-service', port=8080): Max retries exceeded with url: /api/internal/scraping/ratings/target (Caused by NameResolutionError("HTTPConnection(host='catalog-service', port=8080): Failed to resolve 'catalog-service' ([Errno -2] Name or service not known)"))
2026-04-02 23:17:39 [ERROR] 스텔스 워커 루프 에러: HTTPConnectionPool(host='catalog-service', port=8080): Max retries exceeded with url: /api/internal/scraping/ratings/target (Caused by NameResolutionError("HTTPConnection(host='catalog-service', port=8080): Failed to resolve 'catalog-service' ([Errno -2] Name or service not known)"))
2026-04-02 23:17:46 [ERROR] 스텔스 워커 루프 에러: HTTPConnectionPool(host='catalog-service', port=8080): Max retries exceeded with url: /api/internal/scraping/ratings/target (Caused by NameResolutionError("HTTPConnection(host='catalog-service', port=8080): Failed to resolve 'catalog-service' ([Errno -2] Name or service not known)"))
2026-04-02 23:17:53 [ERROR] 스텔스 워커 루프 에러: HTTPConnectionPool(host='catalog-service', port=8080): Max retries exceeded with url: /api/internal/scraping/ratings/target (Caused by NameResolutionError("HTTPConnection(host='catalog-service', port=8080): Failed to resolve 'catalog-service' ([Errno -2] Name or service not known)"))
2026-04-02 23:18:00 [ERROR] 스텔스 워커 루프 에러: HTTPConnectionPool(host='catalog-service', port=8080): Max retries exceeded with url: /api/internal/scraping/ratings/target (Caused by NameResolutionError("HTTPConnection(host='catalog-service', port=8080): Failed to resolve 'catalog-service' ([Errno -2] Name or service not known)"))
2026-04-02 23:18:07 [ERROR] 스텔스 워커 루프 에러: HTTPConnectionPool(host='catalog-service', port=8080): Max retries exceeded with url: /api/internal/scraping/ratings/target (Caused by NameResolutionError("HTTPConnection(host='catalog-service', port=8080): Failed to resolve 'catalog-service' ([Errno -2] Name or service not known)"))
2026-04-02 23:18:14 [ERROR] 스텔스 워커 루프 에러: HTTPConnectionPool(host='catalog-service', port=8080): Max retries exceeded with url: /api/internal/scraping/ratings/target (Caused by NameResolutionError("HTTPConnection(host='catalog-service', port=8080): Failed to resolve 'catalog-service' ([Errno -2] Name or service not known)"))
2026-04-02 23:18:21 [ERROR] 스텔스 워커 루프 에러: HTTPConnectionPool(host='catalog-service', port=8080): Max retries exceeded with url: /api/internal/scraping/ratings/target (Caused by NameResolutionError("HTTPConnection(host='catalog-service', port=8080): Failed to resolve 'catalog-service' ([Errno -2] Name or service not known)"))
2026-04-02 23:18:28 [ERROR] 스텔스 워커 루프 에러: HTTPConnectionPool(host='catalog-service', port=8080): Max retries exceeded with url: /api/internal/scraping/ratings/target (Caused by NameResolutionError("HTTPConnection(host='catalog-service', port=8080): Failed to resolve 'catalog-service' ([Errno -2] Name or service not known)"))
2026-04-02 23:18:35 [ERROR] 스텔스 워커 루프 에러: HTTPConnectionPool(host='catalog-service', port=8080): Max retries exceeded with url: /api/internal/scraping/ratings/target (Caused by NameResolutionError("HTTPConnection(host='catalog-service', port=8080): Failed to resolve 'catalog-service' ([Errno -2] Name or service not known)"))
2026-04-02 23:18:42 [ERROR] 스텔스 워커 루프 에러: HTTPConnectionPool(host='catalog-service', port=8080): Max retries exceeded with url: /api/internal/scraping/ratings/target (Caused by NameResolutionError("HTTPConnection(host='catalog-service', port=8080): Failed to resolve 'catalog-service' ([Errno -2] Name or service not known)"))
2026-04-02 23:18:49 [ERROR] 스텔스 워커 루프 에러: HTTPConnectionPool(host='catalog-service', port=8080): Max retries exceeded with url: /api/internal/scraping/ratings/target (Caused by NameResolutionError("HTTPConnection(host='catalog-service', port=8080): Failed to resolve 'catalog-service' ([Errno -2] Name or service not known)"))
2026-04-02 23:18:56 [ERROR] 스텔스 워커 루프 에러: HTTPConnectionPool(host='catalog-service', port=8080): Max retries exceeded with url: /api/internal/scraping/ratings/target (Caused by NameResolutionError("HTTPConnection(host='catalog-service', port=8080): Failed to resolve 'catalog-service' ([Errno -2] Name or service not known)"))
2026-04-02 23:19:03 [ERROR] 스텔스 워커 루프 에러: HTTPConnectionPool(host='catalog-service', port=8080): Max retries exceeded with url: /api/internal/scraping/ratings/target (Caused by NameResolutionError("HTTPConnection(host='catalog-service', port=8080): Failed to resolve 'catalog-service' ([Errno -2] Name or service not known)"))
2026-04-02 23:19:10 [ERROR] 스텔스 워커 루프 에러: HTTPConnectionPool(host='catalog-service', port=8080): Max retries exceeded with url: /api/internal/scraping/ratings/target (Caused by NameResolutionError("HTTPConnection(host='catalog-service', port=8080): Failed to resolve 'catalog-service' ([Errno -2] Name or service not known)"))
2026-04-02 23:19:17 [ERROR] 스텔스 워커 루프 에러: HTTPConnectionPool(host='catalog-service', port=8080): Max retries exceeded with url: /api/internal/scraping/ratings/target (Caused by NameResolutionError("HTTPConnection(host='catalog-service', port=8080): Failed to resolve 'catalog-service' ([Errno -2] Name or service not known)"))
2026-04-02 23:19:24 [ERROR] 스텔스 워커 루프 에러: HTTPConnectionPool(host='catalog-service', port=8080): Max retries exceeded with url: /api/internal/scraping/ratings/target (Caused by NameResolutionError("HTTPConnection(host='catalog-service', port=8080): Failed to resolve 'catalog-service' ([Errno -2] Name or service not known)"))
2026-04-02 23:19:31 [ERROR] 스텔스 워커 루프 에러: HTTPConnectionPool(host='catalog-service', port=8080): Max retries exceeded with url: /api/internal/scraping/ratings/target (Caused by NameResolutionError("HTTPConnection(host='catalog-service', port=8080): Failed to resolve 'catalog-service' ([Errno -2] Name or service not known)"))
2026-04-02 23:19:38 [ERROR] 스텔스 워커 루프 에러: HTTPConnectionPool(host='catalog-service', port=8080): Max retries exceeded with url: /api/internal/scraping/ratings/target (Caused by NameResolutionError("HTTPConnection(host='catalog-service', port=8080): Failed to resolve 'catalog-service' ([Errno -2] Name or service not known)"))
2026-04-02 23:19:45 [ERROR] 스텔스 워커 루프 에러: HTTPConnectionPool(host='catalog-service', port=8080): Max retries exceeded with url: /api/internal/scraping/ratings/target (Caused by NameResolutionError("HTTPConnection(host='catalog-service', port=8080): Failed to resolve 'catalog-service' ([Errno -2] Name or service not known)"))
2026-04-02 23:19:52 [ERROR] 스텔스 워커 루프 에러: HTTPConnectionPool(host='catalog-service', port=8080): Max retries exceeded with url: /api/internal/scraping/ratings/target (Caused by NameResolutionError("HTTPConnection(host='catalog-service', port=8080): Failed to resolve 'catalog-service' ([Errno -2] Name or service not known)"))
2026-04-02 23:19:59 [ERROR] 스텔스 워커 루프 에러: HTTPConnectionPool(host='catalog-service', port=8080): Max retries exceeded with url: /api/internal/scraping/ratings/target (Caused by NameResolutionError("HTTPConnection(host='catalog-service', port=8080): Failed to resolve 'catalog-service' ([Errno -2] Name or service not known)"))
2026-04-02 23:20:06 [ERROR] 스텔스 워커 루프 에러: HTTPConnectionPool(host='catalog-service', port=8080): Max retries exceeded with url: /api/internal/scraping/ratings/target (Caused by NameResolutionError("HTTPConnection(host='catalog-service', port=8080): Failed to resolve 'catalog-service' ([Errno -2] Name or service not known)"))
2026-04-02 23:20:13 [ERROR] 스텔스 워커 루프 에러: HTTPConnectionPool(host='catalog-service', port=8080): Max retries exceeded with url: /api/internal/scraping/ratings/target (Caused by NameResolutionError("HTTPConnection(host='catalog-service', port=8080): Failed to resolve 'catalog-service' ([Errno -2] Name or service not known)"))
2026-04-02 23:20:21 [ERROR] 스텔스 워커 루프 에러: HTTPConnectionPool(host='catalog-service', port=8080): Max retries exceeded with url: /api/internal/scraping/ratings/target (Caused by NameResolutionError("HTTPConnection(host='catalog-service', port=8080): Failed to resolve 'catalog-service' ([Errno -2] Name or service not known)"))
2026-04-02 23:20:28 [ERROR] 스텔스 워커 루프 에러: HTTPConnectionPool(host='catalog-service', port=8080): Max retries exceeded with url: /api/internal/scraping/ratings/target (Caused by NameResolutionError("HTTPConnection(host='catalog-service', port=8080): Failed to resolve 'catalog-service' ([Errno -2] Name or service not known)"))
2026-04-02 23:20:35 [ERROR] 스텔스 워커 루프 에러: HTTPConnectionPool(host='catalog-service', port=8080): Max retries exceeded with url: /api/internal/scraping/ratings/target (Caused by NameResolutionError("HTTPConnection(host='catalog-service', port=8080): Failed to resolve 'catalog-service' ([Errno -2] Name or service not known)"))
2026-04-02 23:20:42 [ERROR] 스텔스 워커 루프 에러: HTTPConnectionPool(host='catalog-service', port=8080): Max retries exceeded with url: /api/internal/scraping/ratings/target (Caused by NameResolutionError("HTTPConnection(host='catalog-service', port=8080): Failed to resolve 'catalog-service' ([Errno -2] Name or service not known)"))
2026-04-02 23:20:49 [ERROR] 스텔스 워커 루프 에러: HTTPConnectionPool(host='catalog-service', port=8080): Max retries exceeded with url: /api/internal/scraping/ratings/target (Caused by NameResolutionError("HTTPConnection(host='catalog-service', port=8080): Failed to resolve 'catalog-service' ([Errno -2] Name or service not known)"))
2026-04-02 23:20:56 [ERROR] 스텔스 워커 루프 에러: HTTPConnectionPool(host='catalog-service', port=8080): Max retries exceeded with url: /api/internal/scraping/ratings/target (Caused by NameResolutionError("HTTPConnection(host='catalog-service', port=8080): Failed to resolve 'catalog-service' ([Errno -2] Name or service not known)"))
2026-04-02 23:21:03 [ERROR] 스텔스 워커 루프 에러: HTTPConnectionPool(host='catalog-service', port=8080): Max retries exceeded with url: /api/internal/scraping/ratings/target (Caused by NameResolutionError("HTTPConnection(host='catalog-service', port=8080): Failed to resolve 'catalog-service' ([Errno -2] Name or service not known)"))
2026-04-02 23:21:10 [ERROR] 스텔스 워커 루프 에러: HTTPConnectionPool(host='catalog-service', port=8080): Max retries exceeded with url: /api/internal/scraping/ratings/target (Caused by NameResolutionError("HTTPConnection(host='catalog-service', port=8080): Failed to resolve 'catalog-service' ([Errno -2] Name or service not known)"))
2026-04-02 23:21:17 [ERROR] 스텔스 워커 루프 에러: HTTPConnectionPool(host='catalog-service', port=8080): Max retries exceeded with url: /api/internal/scraping/ratings/target (Caused by NameResolutionError("HTTPConnection(host='catalog-service', port=8080): Failed to resolve 'catalog-service' ([Errno -2] Name or service not known)"))
2026-04-02 23:21:24 [ERROR] 스텔스 워커 루프 에러: HTTPConnectionPool(host='catalog-service', port=8080): Max retries exceeded with url: /api/internal/scraping/ratings/target (Caused by NameResolutionError("HTTPConnection(host='catalog-service', port=8080): Failed to resolve 'catalog-service' ([Errno -2] Name or service not known)"))
2026-04-02 23:21:31 [ERROR] 스텔스 워커 루프 에러: HTTPConnectionPool(host='catalog-service', port=8080): Max retries exceeded with url: /api/internal/scraping/ratings/target (Caused by NameResolutionError("HTTPConnection(host='catalog-service', port=8080): Failed to resolve 'catalog-service' ([Errno -2] Name or service not known)"))
2026-04-02 23:21:38 [ERROR] 스텔스 워커 루프 에러: HTTPConnectionPool(host='catalog-service', port=8080): Max retries exceeded with url: /api/internal/scraping/ratings/target (Caused by NameResolutionError("HTTPConnection(host='catalog-service', port=8080): Failed to resolve 'catalog-service' ([Errno -2] Name or service not known)"))
2026-04-02 23:21:45 [ERROR] 스텔스 워커 루프 에러: HTTPConnectionPool(host='catalog-service', port=8080): Max retries exceeded with url: /api/internal/scraping/ratings/target (Caused by NameResolutionError("HTTPConnection(host='catalog-service', port=8080): Failed to resolve 'catalog-service' ([Errno -2] Name or service not known)"))
2026-04-02 23:21:52 [ERROR] 스텔스 워커 루프 에러: HTTPConnectionPool(host='catalog-service', port=8080): Max retries exceeded with url: /api/internal/scraping/ratings/target (Caused by NameResolutionError("HTTPConnection(host='catalog-service', port=8080): Failed to resolve 'catalog-service' ([Errno -2] Name or service not known)"))
2026-04-02 23:21:59 [ERROR] 스텔스 워커 루프 에러: HTTPConnectionPool(host='catalog-service', port=8080): Max retries exceeded with url: /api/internal/scraping/ratings/target (Caused by NameResolutionError("HTTPConnection(host='catalog-service', port=8080): Failed to resolve 'catalog-service' ([Errno -2] Name or service not known)"))
2026-04-02 23:22:06 [ERROR] 스텔스 워커 루프 에러: HTTPConnectionPool(host='catalog-service', port=8080): Max retries exceeded with url: /api/internal/scraping/ratings/target (Caused by NameResolutionError("HTTPConnection(host='catalog-service', port=8080): Failed to resolve 'catalog-service' ([Errno -2] Name or service not known)"))
2026-04-02 23:22:13 [ERROR] 스텔스 워커 루프 에러: HTTPConnectionPool(host='catalog-service', port=8080): Max retries exceeded with url: /api/internal/scraping/ratings/target (Caused by NameResolutionError("HTTPConnection(host='catalog-service', port=8080): Failed to resolve 'catalog-service' ([Errno -2] Name or service not known)"))
2026-04-02 23:22:20 [ERROR] 스텔스 워커 루프 에러: HTTPConnectionPool(host='catalog-service', port=8080): Max retries exceeded with url: /api/internal/scraping/ratings/target (Caused by NameResolutionError("HTTPConnection(host='catalog-service', port=8080): Failed to resolve 'catalog-service' ([Errno -2] Name or service not known)"))
2026-04-02 23:22:27 [ERROR] 스텔스 워커 루프 에러: HTTPConnectionPool(host='catalog-service', port=8080): Max retries exceeded with url: /api/internal/scraping/ratings/target (Caused by NameResolutionError("HTTPConnection(host='catalog-service', port=8080): Failed to resolve 'catalog-service' ([Errno -2] Name or service not known)"))
2026-04-02 23:22:34 [ERROR] 스텔스 워커 루프 에러: HTTPConnectionPool(host='catalog-service', port=8080): Max retries exceeded with url: /api/internal/scraping/ratings/target (Caused by NameResolutionError("HTTPConnection(host='catalog-service', port=8080): Failed to resolve 'catalog-service' ([Errno -2] Name or service not known)"))
2026-04-02 23:22:41 [ERROR] 스텔스 워커 루프 에러: HTTPConnectionPool(host='catalog-service', port=8080): Max retries exceeded with url: /api/internal/scraping/ratings/target (Caused by NameResolutionError("HTTPConnection(host='catalog-service', port=8080): Failed to resolve 'catalog-service' ([Errno -2] Name or service not known)"))
2026-04-03 08:15:44 [INFO] 🔧 Crawler Config: HIGH | Engine: Playwright (Manual Stealth)
2026-04-03 08:15:44 [INFO] 🔧 Crawler Config: HIGH | Engine: Playwright (Manual Stealth)
2026-04-03 08:15:44 [INFO] [Stealth Worker] 메타크리틱 평점 수집 워커가 백그라운드에서 가동됩니다.
